2025-11-05 17:48:24,480 - root - INFO - Iniciando la aplicación web...
2025-11-05 17:48:24,480 - root - INFO - Esto es un log de información
2025-11-05 17:50:03,825 - root - INFO - Iniciando la aplicación web...
2025-11-05 17:50:03,825 - root - INFO - Esto es un log de información
2025-11-05 17:50:21,643 - root - INFO - Iniciando la aplicación web...
2025-11-05 17:50:21,644 - root - INFO - Esto es un log de información
2025-11-05 17:50:21,644 - root - WARNING - Esto es ya un warning
2025-11-05 17:52:09,341 - __main__ - INFO - Iniciando la aplicación web...
2025-11-05 17:52:09,342 - __main__ - INFO - Esto es un log de información
2025-11-05 17:52:09,342 - __main__ - WARNING - Esto es ya un warning
2025-11-05 17:52:53,182 - app_user.py - INFO - Iniciando la aplicación web...
2025-11-05 17:52:53,183 - app_user.py - INFO - Esto es un log de información
2025-11-05 17:52:53,183 - app_user.py - WARNING - Esto es ya un warning
2025-11-05 17:54:10,091 - EV_Driver - INFO - Iniciando la aplicación web...
2025-11-05 17:54:10,091 - EV_Driver - INFO - Esto es un log de información
2025-11-05 17:54:10,091 - EV_Driver - WARNING - Esto es ya un warning
2025-11-05 18:06:26,919 - EV_Driver - INFO - Iniciando la aplicación web...
2025-11-05 18:06:26,920 - EV_Driver - INFO - Esto es un log de información
2025-11-05 18:06:26,920 - EV_Driver - WARNING - Esto es ya un warning
2025-11-05 18:06:41,857 - EV_Driver - INFO - Iniciando la aplicación web...
2025-11-05 18:06:41,857 - EV_Driver - INFO - Esto es un log de información
2025-11-05 18:06:41,857 - EV_Driver - WARNING - Esto es ya un warning
2025-11-05 18:06:49,212 - EV_Driver - INFO - Iniciando la aplicación web...
2025-11-05 18:06:49,212 - EV_Driver - INFO - Esto es un log de información
2025-11-05 18:06:49,212 - EV_Driver - WARNING - Esto es ya un warning
2025-11-05 18:07:16,500 - EV_Driver - INFO - Iniciando la aplicación web...
2025-11-05 18:07:16,501 - EV_Driver - INFO - Esto es un log de información
2025-11-05 18:07:16,501 - EV_Driver - WARNING - Esto es ya un warning
2025-11-05 18:07:25,494 - EV_Driver - INFO - Iniciando la aplicación web...
2025-11-05 18:07:25,494 - EV_Driver - INFO - Esto es un log de información
2025-11-05 18:07:25,494 - EV_Driver - WARNING - Esto es ya un warning
2025-11-05 18:07:36,239 - EV_Driver - INFO - Iniciando la aplicación web...
2025-11-05 18:07:36,239 - EV_Driver - INFO - Esto es un log de información
2025-11-05 18:07:36,239 - EV_Driver - WARNING - Esto es ya un warning
2025-11-05 18:07:38,618 - EV_Driver - INFO - Iniciando la aplicación web...
2025-11-05 18:07:38,618 - EV_Driver - INFO - Esto es un log de información
2025-11-05 18:07:38,618 - EV_Driver - WARNING - Esto es ya un warning
2025-11-05 18:07:52,533 - EV_Driver - INFO - Iniciando la aplicación web...
2025-11-05 18:07:52,533 - EV_Driver - INFO - Esto es un log de información
2025-11-05 18:07:52,533 - EV_Driver - WARNING - Esto es ya un warning
2025-11-05 18:08:14,989 - EV_Driver - INFO - Iniciando la aplicación web...
2025-11-05 18:08:14,989 - EV_Driver - INFO - Esto es un log de información
2025-11-05 18:08:14,989 - EV_Driver - WARNING - Esto es ya un warning, y este es el valor 73
